# JRE version: Java(TM) SE Runtime Environment (8.0_201-b09) (build 1.8.0_201-b09)
# Java VM: Java HotSpot(TM) Client VM (25.201-b09 mixed mode, sharing windows-x86 )
Heap:
 def new generation   total 6080K, used 1109K [0x04600000, 0x04c90000, 0x09b50000)
  eden space 5440K,  14% used [0x04600000, 0x046c2058, 0x04b50000)
  from space 640K,  52% used [0x04bf0000, 0x04c433e0, 0x04c90000)
  to   space 640K,   0% used [0x04b50000, 0x04b50000, 0x04bf0000)
 tenured generation   total 13416K, used 8521K [0x09b50000, 0x0a86a000, 0x14600000)
   the space 13416K,  63% used [0x09b50000, 0x0a3a26d8, 0x0a3a2800, 0x0a86a000)
 Metaspace       used 4414K, capacity 4756K, committed 4864K, reserved 5504K
GC Heap History (10 events):
Event: 245.622 GC heap before
{Heap before GC invocations=16 (full 1):
 def new generation   total 6080K, used 5735K [0x04600000, 0x04c90000, 0x09b50000)
  eden space 5440K,  99% used [0x04600000, 0x04b4f9a0, 0x04b50000)
  from space 640K,  46% used [0x04b50000, 0x04b9a2c0, 0x04bf0000)
  to   space 640K,   0% used [0x04bf0000, 0x04bf0000, 0x04c90000)
 tenured generation   total 13416K, used 10894K [0x09b50000, 0x0a86a000, 0x14600000)
   the space 13416K,  81% used [0x09b50000, 0x0a5f3a28, 0x0a5f3c00, 0x0a86a000)
 Metaspace       used 4415K, capacity 4759K, committed 4864K, reserved 5504K
Event: 245.633 GC heap after
Heap after GC invocations=17 (full 2):
 def new generation   total 6080K, used 0K [0x04600000, 0x04c90000, 0x09b50000)
  eden space 5440K,   0% used [0x04600000, 0x04600000, 0x04b50000)
  from space 640K,   0% used [0x04bf0000, 0x04bf0000, 0x04c90000)
  to   space 640K,   0% used [0x04b50000, 0x04b50000, 0x04bf0000)
 tenured generation   total 13416K, used 7859K [0x09b50000, 0x0a86a000, 0x14600000)
   the space 13416K,  58% used [0x09b50000, 0x0a2fcd08, 0x0a2fce00, 0x0a86a000)
 Metaspace       used 4413K, capacity 4756K, committed 4864K, reserved 5504K
}
Event: 267.551 GC heap before
{Heap before GC invocations=17 (full 2):
 def new generation   total 6080K, used 5439K [0x04600000, 0x04c90000, 0x09b50000)
  eden space 5440K,  99% used [0x04600000, 0x04b4fff0, 0x04b50000)
  from space 640K,   0% used [0x04bf0000, 0x04bf0000, 0x04c90000)
  to   space 640K,   0% used [0x04b50000, 0x04b50000, 0x04bf0000)
 tenured generation   total 13416K, used 7859K [0x09b50000, 0x0a86a000, 0x14600000)
   the space 13416K,  58% used [0x09b50000, 0x0a2fcd08, 0x0a2fce00, 0x0a86a000)
 Metaspace       used 4413K, capacity 4756K, committed 4864K, reserved 5504K
Event: 267.552 GC heap after
Heap after GC invocations=18 (full 2):
 def new generation   total 6080K, used 389K [0x04600000, 0x04c90000, 0x09b50000)
  eden space 5440K,   0% used [0x04600000, 0x04600000, 0x04b50000)
  from space 640K,  60% used [0x04b50000, 0x04bb15c0, 0x04bf0000)
  to   space 640K,   0% used [0x04bf0000, 0x04bf0000, 0x04c90000)
 tenured generation   total 13416K, used 7859K [0x09b50000, 0x0a86a000, 0x14600000)
   the space 13416K,  58% used [0x09b50000, 0x0a2fcd08, 0x0a2fce00, 0x0a86a000)
 Metaspace       used 4413K, capacity 4756K, committed 4864K, reserved 5504K
}
Event: 280.975 GC heap before
{Heap before GC invocations=18 (full 2):
 def new generation   total 6080K, used 5829K [0x04600000, 0x04c90000, 0x09b50000)
  eden space 5440K, 100% used [0x04600000, 0x04b50000, 0x04b50000)
  from space 640K,  60% used [0x04b50000, 0x04bb15c0, 0x04bf0000)
  to   space 640K,   0% used [0x04bf0000, 0x04bf0000, 0x04c90000)
 tenured generation   total 13416K, used 7859K [0x09b50000, 0x0a86a000, 0x14600000)
   the space 13416K,  58% used [0x09b50000, 0x0a2fcd08, 0x0a2fce00, 0x0a86a000)
 Metaspace       used 4413K, capacity 4756K, committed 4864K, reserved 5504K
Event: 280.976 GC heap after
Heap after GC invocations=19 (full 2):
 def new generation   total 6080K, used 110K [0x04600000, 0x04c90000, 0x09b50000)
  eden space 5440K,   0% used [0x04600000, 0x04600000, 0x04b50000)
  from space 640K,  17% used [0x04bf0000, 0x04c0b8a8, 0x04c90000)
  to   space 640K,   0% used [0x04b50000, 0x04b50000, 0x04bf0000)
 tenured generation   total 13416K, used 8196K [0x09b50000, 0x0a86a000, 0x14600000)
   the space 13416K,  61% used [0x09b50000, 0x0a351178, 0x0a351200, 0x0a86a000)
 Metaspace       used 4413K, capacity 4756K, committed 4864K, reserved 5504K
}
Event: 299.493 GC heap before
{Heap before GC invocations=19 (full 2):
 def new generation   total 6080K, used 5550K [0x04600000, 0x04c90000, 0x09b50000)
  eden space 5440K, 100% used [0x04600000, 0x04b50000, 0x04b50000)
  from space 640K,  17% used [0x04bf0000, 0x04c0b8a8, 0x04c90000)
  to   space 640K,   0% used [0x04b50000, 0x04b50000, 0x04bf0000)
 tenured generation   total 13416K, used 8196K [0x09b50000, 0x0a86a000, 0x14600000)
   the space 13416K,  61% used [0x09b50000, 0x0a351178, 0x0a351200, 0x0a86a000)
 Metaspace       used 4413K, capacity 4756K, committed 4864K, reserved 5504K
Event: 299.494 GC heap after
Heap after GC invocations=20 (full 2):
 def new generation   total 6080K, used 428K [0x04600000, 0x04c90000, 0x09b50000)
  eden space 5440K,   0% used [0x04600000, 0x04600000, 0x04b50000)
  from space 640K,  66% used [0x04b50000, 0x04bbb2f8, 0x04bf0000)
  to   space 640K,   0% used [0x04bf0000, 0x04bf0000, 0x04c90000)
 tenured generation   total 13416K, used 8196K [0x09b50000, 0x0a86a000, 0x14600000)
   the space 13416K,  61% used [0x09b50000, 0x0a351178, 0x0a351200, 0x0a86a000)
 Metaspace       used 4413K, capacity 4756K, committed 4864K, reserved 5504K
}
Event: 313.361 GC heap before
{Heap before GC invocations=20 (full 2):
 def new generation   total 6080K, used 5868K [0x04600000, 0x04c90000, 0x09b50000)
  eden space 5440K, 100% used [0x04600000, 0x04b50000, 0x04b50000)
  from space 640K,  66% used [0x04b50000, 0x04bbb2f8, 0x04bf0000)
  to   space 640K,   0% used [0x04bf0000, 0x04bf0000, 0x04c90000)
 tenured generation   total 13416K, used 8196K [0x09b50000, 0x0a86a000, 0x14600000)
   the space 13416K,  61% used [0x09b50000, 0x0a351178, 0x0a351200, 0x0a86a000)
 Metaspace       used 4413K, capacity 4756K, committed 4864K, reserved 5504K
Event: 313.362 GC heap after
Heap after GC invocations=21 (full 2):
 def new generation   total 6080K, used 332K [0x04600000, 0x04c90000, 0x09b50000)
  eden space 5440K,   0% used [0x04600000, 0x04600000, 0x04b50000)
  from space 640K,  52% used [0x04bf0000, 0x04c433e0, 0x04c90000)
  to   space 640K,   0% used [0x04b50000, 0x04b50000, 0x04bf0000)
 tenured generation   total 13416K, used 8521K [0x09b50000, 0x0a86a000, 0x14600000)
   the space 13416K,  63% used [0x09b50000, 0x0a3a26d8, 0x0a3a2800, 0x0a86a000)
 Metaspace       used 4413K, capacity 4756K, committed 4864K, reserved 5504K
}

